<?xml version="1.0" encoding="UTF-8"?>
<!-- Generated by org.testng.reporters.JUnitReportReporter -->
<testsuite skipped="0" hostname="DESKTOP-UI17IO8" name="com.usxs.testcases.Add_client" tests="1" failures="0" timestamp="15 Jul 2019 06:52:28 GMT" time="0.002" errors="0">
  <testcase name="addclient" time="0.002" classname="com.usxs.testcases.Add_client"/>
</testsuite> <!-- com.usxs.testcases.Add_client -->
