<?xml version="1.0" encoding="UTF-8"?>
<!-- Generated by org.testng.reporters.JUnitReportReporter -->
<testsuite skipped="0" hostname="DESKTOP-UI17IO8" name="com.usxs.testcases.Login" tests="1" failures="0" timestamp="19 Jul 2019 08:50:31 GMT" time="9.519" errors="0">
  <testcase name="login_as_super_admin" time="9.519" classname="com.usxs.testcases.Login"/>
</testsuite> <!-- com.usxs.testcases.Login -->
