<?xml version="1.0" encoding="UTF-8"?>
<!-- Generated by org.testng.reporters.JUnitReportReporter -->
<testsuite skipped="0" hostname="DESKTOP-UI17IO8" name="com.usxs.testcases.CreateClient" tests="1" failures="0" timestamp="19 Jul 2019 08:50:31 GMT" time="18.465" errors="0">
  <testcase name="createclient" time="18.465" classname="com.usxs.testcases.CreateClient"/>
</testsuite> <!-- com.usxs.testcases.CreateClient -->
