<?xml version="1.0" encoding="UTF-8"?>
<!-- Generated by org.testng.reporters.JUnitReportReporter -->
<testsuite skipped="0" hostname="DESKTOP-UI17IO8" name="com.usxs.testcases.UserProfile" tests="1" failures="0" timestamp="19 Jul 2019 08:50:31 GMT" time="4.599" errors="0">
  <testcase name="userprofile" time="4.599" classname="com.usxs.testcases.UserProfile"/>
</testsuite> <!-- com.usxs.testcases.UserProfile -->
