<?xml version="1.0" encoding="UTF-8"?>
<!-- Generated by org.testng.reporters.JUnitReportReporter -->
<testsuite skipped="1" hostname="DESKTOP-UI17IO8" name="com.usxs.testcases.Login" tests="1" failures="0" timestamp="23 Oct 2019 06:04:11 GMT" time="0.000" errors="0">
  <testcase name="login_as_super_admin" time="0.000" classname="com.usxs.testcases.Login">
    <skipped/>
  </testcase> <!-- login_as_super_admin -->
</testsuite> <!-- com.usxs.testcases.Login -->
