<?xml version="1.0" encoding="UTF-8"?>
<!-- Generated by org.testng.reporters.JUnitReportReporter -->
<testsuite skipped="1" hostname="DESKTOP-UI17IO8" name="com.usxs.testcases.UserProfile" tests="1" failures="0" timestamp="23 Oct 2019 06:04:11 GMT" time="0.000" errors="0">
  <testcase name="userprofile" time="0.000" classname="com.usxs.testcases.UserProfile">
    <skipped/>
  </testcase> <!-- userprofile -->
</testsuite> <!-- com.usxs.testcases.UserProfile -->
